2008/04/27 22:26:22 Dc[3773](WARNING): global.header(/app/Dc_ImageGenerator.php:17): [PHP] E_WARNING: Cannot modify header information - headers already sent by (output started at /var/www/html/dc/app/action/File.php:81) in /var/www/html/dc/app/Dc_ImageGenerator.php on line 17
2008/04/29 11:54:10 Dc[12113](WARNING): Dc_Cli_Action_MailReceive.perform(/app/action_cli/Mail/Receive.php:42): [PHP] E_WARNING: Dc_Cli_Action_MailReceive::require_once(Mail_Mime/mimeDecode.php): failed to open stream: ¤½¤Î¤è¤¦¤Ê¥Õ¥¡¥¤¥ë¤ä¥Ç¥£¥ì¥¯¥È¥ê¤Ï¤¢¤ê¤Þ¤»¤ó in /var/www/html/dc/app/action_cli/Mail/Receive.php on line 42
2008/04/29 12:00:34 Dc[12135](WARNING): Dc_Cli_Action_MailReceive.perform(/app/action_cli/Mail/Receive.php:42): [PHP] E_WARNING: Dc_Cli_Action_MailReceive::require_once(Mail_Mime/mimeDecode.php): failed to open stream: ¤½¤Î¤è¤¦¤Ê¥Õ¥¡¥¤¥ë¤ä¥Ç¥£¥ì¥¯¥È¥ê¤Ï¤¢¤ê¤Þ¤»¤ó in /var/www/html/dc/app/action_cli/Mail/Receive.php on line 42
2008/04/29 12:17:08 Dc[12152](WARNING): global.fopen(/app/action_cli/Mail/Receive.php:209): [PHP] E_WARNING: fopen(/home/test/): failed to open stream: ¥Ç¥£¥ì¥¯¥È¥ê¤Ç¤¹ in /var/www/html/dc/app/action_cli/Mail/Receive.php on line 209
2008/04/29 12:17:08 Dc[12152](WARNING): global.fwrite(/app/action_cli/Mail/Receive.php:210): [PHP] E_WARNING: fwrite(): supplied argument is not a valid stream resource in /var/www/html/dc/app/action_cli/Mail/Receive.php on line 210
2008/04/29 12:17:08 Dc[12152](WARNING): global.fclose(/app/action_cli/Mail/Receive.php:211): [PHP] E_WARNING: fclose(): supplied argument is not a valid stream resource in /var/www/html/dc/app/action_cli/Mail/Receive.php on line 211
2008/04/29 12:17:08 Dc[12152](WARNING): global.chmod(/app/action_cli/Mail/Receive.php:213): [PHP] E_WARNING: chmod(): µö²Ä¤µ¤ì¤Æ¤¤¤Ê¤¤Áàºî¤Ç¤¹ in /var/www/html/dc/app/action_cli/Mail/Receive.php on line 213
2008/04/29 12:29:07 Dc[12185](WARNING): global.fopen(/app/action_cli/Mail/Receive.php:223): [PHP] E_WARNING: fopen(ÿØÿà): failed to open stream: µö²Ä¤¬¤¢¤ê¤Þ¤»¤ó in /var/www/html/dc/app/action_cli/Mail/Receive.php on line 223
2008/04/29 12:29:07 Dc[12185](WARNING): global.fwrite(/app/action_cli/Mail/Receive.php:224): [PHP] E_WARNING: fwrite(): supplied argument is not a valid stream resource in /var/www/html/dc/app/action_cli/Mail/Receive.php on line 224
2008/04/29 12:29:07 Dc[12185](WARNING): global.fclose(/app/action_cli/Mail/Receive.php:225): [PHP] E_WARNING: fclose(): supplied argument is not a valid stream resource in /var/www/html/dc/app/action_cli/Mail/Receive.php on line 225
2008/04/29 12:29:07 Dc[12185](WARNING): global.chmod(/app/action_cli/Mail/Receive.php:227): [PHP] E_WARNING: chmod(): ¤½¤Î¤è¤¦¤Ê¥Õ¥¡¥¤¥ë¤ä¥Ç¥£¥ì¥¯¥È¥ê¤Ï¤¢¤ê¤Þ¤»¤ó in /var/www/html/dc/app/action_cli/Mail/Receive.php on line 227
2008/04/29 12:31:23 Dc[12255](WARNING): global.fwrite(/app/action_cli/Mail/Receive.php:224): [PHP] E_WARNING: fwrite(): supplied argument is not a valid stream resource in /var/www/html/dc/app/action_cli/Mail/Receive.php on line 224
2008/04/29 12:31:23 Dc[12255](WARNING): global.fclose(/app/action_cli/Mail/Receive.php:225): [PHP] E_WARNING: fclose(): supplied argument is not a valid stream resource in /var/www/html/dc/app/action_cli/Mail/Receive.php on line 225
2008/04/29 12:31:23 Dc[12255](WARNING): global.chmod(/app/action_cli/Mail/Receive.php:227): [PHP] E_WARNING: chmod(): ¤½¤Î¤è¤¦¤Ê¥Õ¥¡¥¤¥ë¤ä¥Ç¥£¥ì¥¯¥È¥ê¤Ï¤¢¤ê¤Þ¤»¤ó in /var/www/html/dc/app/action_cli/Mail/Receive.php on line 227
2008/04/29 12:33:57 Dc[12261](WARNING): global.fopen(/app/action_cli/Mail/Receive.php:223): [PHP] E_WARNING: fopen(ÿØÿà): failed to open stream: µö²Ä¤¬¤¢¤ê¤Þ¤»¤ó in /var/www/html/dc/app/action_cli/Mail/Receive.php on line 223
2008/04/29 12:33:57 Dc[12261](WARNING): global.fwrite(/app/action_cli/Mail/Receive.php:224): [PHP] E_WARNING: fwrite(): supplied argument is not a valid stream resource in /var/www/html/dc/app/action_cli/Mail/Receive.php on line 224
2008/04/29 12:33:57 Dc[12261](WARNING): global.fclose(/app/action_cli/Mail/Receive.php:225): [PHP] E_WARNING: fclose(): supplied argument is not a valid stream resource in /var/www/html/dc/app/action_cli/Mail/Receive.php on line 225
2008/04/29 12:33:57 Dc[12261](WARNING): global.chmod(/app/action_cli/Mail/Receive.php:227): [PHP] E_WARNING: chmod(): ¤½¤Î¤è¤¦¤Ê¥Õ¥¡¥¤¥ë¤ä¥Ç¥£¥ì¥¯¥È¥ê¤Ï¤¢¤ê¤Þ¤»¤ó in /var/www/html/dc/app/action_cli/Mail/Receive.php on line 227
2008/04/29 12:38:52 Dc[12271](WARNING): global.fopen(/app/action_cli/Mail/Receive.php:223): [PHP] E_WARNING: fopen(/home/test/20060612124922.jpg): failed to open stream: µö²Ä¤¬¤¢¤ê¤Þ¤»¤ó in /var/www/html/dc/app/action_cli/Mail/Receive.php on line 223
2008/04/29 12:38:52 Dc[12271](WARNING): global.fwrite(/app/action_cli/Mail/Receive.php:224): [PHP] E_WARNING: fwrite(): supplied argument is not a valid stream resource in /var/www/html/dc/app/action_cli/Mail/Receive.php on line 224
2008/04/29 12:38:52 Dc[12271](WARNING): global.fclose(/app/action_cli/Mail/Receive.php:225): [PHP] E_WARNING: fclose(): supplied argument is not a valid stream resource in /var/www/html/dc/app/action_cli/Mail/Receive.php on line 225
2008/04/29 12:38:52 Dc[12271](WARNING): global.chmod(/app/action_cli/Mail/Receive.php:227): [PHP] E_WARNING: chmod(): ¤½¤Î¤è¤¦¤Ê¥Õ¥¡¥¤¥ë¤ä¥Ç¥£¥ì¥¯¥È¥ê¤Ï¤¢¤ê¤Þ¤»¤ó in /var/www/html/dc/app/action_cli/Mail/Receive.php on line 227
